info: connected to mongodb in mongodb+srv://arenasCode:Miguel1991@cluster0.4g8ucfo.mongodb.net/Ecommerce
info: Connected to Port 3000 
info: connected to mongodb in mongodb+srv://arenasCode:Miguel1991@cluster0.4g8ucfo.mongodb.net/Ecommerce
info: Connected to Port 3000 
info: connected to mongodb in mongodb+srv://arenasCode:Miguel1991@cluster0.4g8ucfo.mongodb.net/Ecommerce
info: Connected to Port 3000 
info: connected to mongodb in mongodb+srv://arenasCode:Miguel1991@cluster0.4g8ucfo.mongodb.net/Ecommerce
info: Connected to Port 3000 
info: connected to mongodb in mongodb+srv://arenasCode:Miguel1991@cluster0.4g8ucfo.mongodb.net/Ecommerce
info: Connected to Port 3000 
info: connected to mongodb in mongodb+srv://arenasCode:Miguel1991@cluster0.4g8ucfo.mongodb.net/Ecommerce
info: Connected to Port 3000 
info: connected to mongodb in mongodb+srv://arenasCode:Miguel1991@cluster0.4g8ucfo.mongodb.net/Ecommerce
info: Connected to Port 3000 
info: GET en /loggertest/query=adios - 4:05:30 PM
info: this is info message
warning: this is warning message
info: GET en /favicon.ico - 4:05:30 PM
info: GET en /favicon.ico - 4:05:30 PM
info: GET en /favicon.ico - 4:05:31 PM
info: connected to mongodb in mongodb+srv://arenasCode:Miguel1991@cluster0.4g8ucfo.mongodb.net/Ecommerce
info: Connected to Port 3000 
info: GET en /loggertest/query=adios - 4:06:08 PM
info: this is info message
warning: this is warning message
error: this is error message
fatal: this is fatal message
info: GET en /favicon.ico - 4:06:08 PM
info: GET en /favicon.ico - 4:06:08 PM
info: GET en /favicon.ico - 4:06:09 PM
info: GET en /loggertest/query=adios - 4:06:20 PM
info: this is info message
warning: this is warning message
error: this is error message
fatal: this is fatal message
info: GET en /favicon.ico - 4:06:20 PM
info: GET en /favicon.ico - 4:06:20 PM
info: GET en /favicon.ico - 4:06:21 PM
info: GET en /loggertest/query=adios - 4:06:21 PM
info: this is info message
warning: this is warning message
error: this is error message
fatal: this is fatal message
info: GET en /favicon.ico - 4:06:21 PM
info: GET en /favicon.ico - 4:06:21 PM
info: GET en /favicon.ico - 4:06:23 PM
info: connected to mongodb in mongodb+srv://arenasCode:Miguel1991@cluster0.4g8ucfo.mongodb.net/Ecommerce
info: Connected to Port 3000 
info: connected to mongodb in mongodb+srv://arenasCode:Miguel1991@cluster0.4g8ucfo.mongodb.net/Ecommerce
info: Connected to Port 3000 
